2026-02-24 21:44:12 - services.factura_service - INFO - Iniciando procesamiento de documentos pendientes
2026-02-24 21:44:12 - services.evento_service - INFO - Iniciando procesamiento de eventos pendientes
2026-02-24 21:44:12 - domain.repositories.evento_repo - INFO - Se encontraron 0 eventos pendientes
2026-02-24 21:57:03 - services.factura_service - INFO - Iniciando procesamiento de documentos pendientes
2026-02-24 21:57:03 - services.evento_service - INFO - Iniciando procesamiento de eventos pendientes
2026-02-24 21:57:03 - domain.repositories.evento_repo - INFO - Se encontraron 0 eventos pendientes
2026-02-24 22:06:41 - services.factura_service - INFO - Iniciando procesamiento de documentos pendientes
2026-02-24 22:06:41 - services.evento_service - INFO - Iniciando procesamiento de eventos pendientes
2026-02-24 22:06:41 - domain.repositories.evento_repo - INFO - Se encontraron 0 eventos pendientes
2026-02-24 22:08:25 - services.evento_service - INFO - Iniciando procesamiento de eventos pendientes
2026-02-24 22:08:25 - services.factura_service - INFO - Iniciando procesamiento de documentos pendientes
2026-02-24 22:08:25 - domain.repositories.evento_repo - INFO - Se encontraron 0 eventos pendientes
2026-02-24 22:08:55 - services.evento_service - INFO - Iniciando procesamiento de eventos pendientes
2026-02-24 22:08:55 - domain.repositories.evento_repo - INFO - Se encontraron 0 eventos pendientes
2026-02-24 22:13:21 - services.factura_service - INFO - Iniciando procesamiento de documentos pendientes
2026-02-24 22:13:21 - services.evento_service - INFO - Iniciando procesamiento de eventos pendientes
2026-02-24 22:13:21 - domain.repositories.evento_repo - INFO - Se encontraron 0 eventos pendientes
2026-02-24 22:18:57 - services.factura_service - INFO - Iniciando procesamiento de documentos pendientes
2026-02-24 22:18:57 - services.evento_service - INFO - Iniciando procesamiento de eventos pendientes
2026-02-24 22:18:57 - domain.repositories.evento_repo - INFO - Se encontraron 0 eventos pendientes
2026-02-24 22:19:27 - services.evento_service - INFO - Iniciando procesamiento de eventos pendientes
2026-02-24 22:19:27 - domain.repositories.evento_repo - INFO - Se encontraron 0 eventos pendientes
2026-02-24 22:49:11 - services.evento_service - INFO - Iniciando procesamiento de eventos pendientes
2026-02-24 22:49:11 - services.factura_service - INFO - Iniciando procesamiento de documentos pendientes
2026-02-24 22:49:11 - domain.repositories.evento_repo - INFO - Se encontraron 0 eventos pendientes
2026-02-24 22:49:41 - services.evento_service - INFO - Iniciando procesamiento de eventos pendientes
2026-02-24 22:49:41 - domain.repositories.evento_repo - INFO - Se encontraron 0 eventos pendientes
2026-02-24 22:50:11 - services.evento_service - INFO - Iniciando procesamiento de eventos pendientes
2026-02-24 22:50:11 - domain.repositories.evento_repo - INFO - Se encontraron 0 eventos pendientes
2026-02-24 22:50:11 - services.factura_service - INFO - Iniciando procesamiento de documentos pendientes
2026-02-24 22:50:41 - services.evento_service - INFO - Iniciando procesamiento de eventos pendientes
2026-02-24 22:50:41 - domain.repositories.evento_repo - INFO - Se encontraron 0 eventos pendientes
2026-02-24 22:51:11 - services.evento_service - INFO - Iniciando procesamiento de eventos pendientes
2026-02-24 22:51:11 - domain.repositories.evento_repo - INFO - Se encontraron 0 eventos pendientes
2026-02-24 22:51:11 - services.factura_service - INFO - Iniciando procesamiento de documentos pendientes
2026-02-24 22:51:11 - services.factura_service - INFO - Procesando 1 docs | Emisor 1 | Tipo 1
2026-02-24 22:51:11 - services.factura_service - INFO - Lote creado en BD con ID: 23
2026-02-24 22:51:12 - services.factura_service - DEBUG - Documento 113 preparado para lote 23
2026-02-24 22:51:12 - services.factura_service - INFO - Request23
2026-02-24 22:51:12 - services.factura_service - INFO - Protocolo SIFEN 55864373798251196 extraído para lote 23
2026-02-24 22:51:12 - services.factura_service - INFO - Respuesta del lote 23 procesada
2026-02-24 22:51:12 - services.factura_service - INFO - Lote 23 enviado exitosamente a SIFEN
2026-02-24 22:51:41 - services.evento_service - INFO - Iniciando procesamiento de eventos pendientes
2026-02-24 22:51:41 - domain.repositories.evento_repo - INFO - Se encontraron 0 eventos pendientes
2026-02-24 22:52:11 - services.evento_service - INFO - Iniciando procesamiento de eventos pendientes
2026-02-24 22:52:11 - domain.repositories.evento_repo - INFO - Se encontraron 0 eventos pendientes
2026-02-24 22:52:12 - services.factura_service - INFO - Iniciando procesamiento de documentos pendientes
2026-02-24 22:55:38 - services.evento_service - INFO - Iniciando procesamiento de eventos pendientes
2026-02-24 22:55:38 - services.factura_service - INFO - Iniciando procesamiento de documentos pendientes
2026-02-24 22:55:38 - domain.repositories.evento_repo - INFO - Se encontraron 0 eventos pendientes
2026-02-24 22:55:39 - services.factura_service - INFO - Procesando 1 docs | Emisor 1 | Tipo 1
2026-02-24 22:55:39 - services.factura_service - INFO - Lote creado en BD con ID: 24
2026-02-24 22:55:39 - services.factura_service - DEBUG - Documento 114 preparado para lote 24
2026-02-24 22:55:39 - services.factura_service - INFO - Request24
2026-02-24 22:55:39 - services.factura_service - INFO - Protocolo SIFEN 55864373798251204 extraído para lote 24
2026-02-24 22:55:39 - services.factura_service - INFO - Respuesta del lote 24 procesada
2026-02-24 22:55:39 - services.factura_service - INFO - Lote 24 enviado exitosamente a SIFEN
2026-02-24 22:56:08 - services.evento_service - INFO - Iniciando procesamiento de eventos pendientes
2026-02-24 22:56:08 - domain.repositories.evento_repo - INFO - Se encontraron 0 eventos pendientes
2026-02-24 22:56:41 - services.factura_service - INFO - Iniciando procesamiento de documentos pendientes
2026-02-24 22:56:41 - services.evento_service - INFO - Iniciando procesamiento de eventos pendientes
2026-02-24 22:56:41 - domain.repositories.evento_repo - INFO - Se encontraron 0 eventos pendientes
2026-02-24 22:57:11 - services.evento_service - INFO - Iniciando procesamiento de eventos pendientes
2026-02-24 22:57:11 - domain.repositories.evento_repo - INFO - Se encontraron 0 eventos pendientes
2026-02-24 22:57:41 - services.evento_service - INFO - Iniciando procesamiento de eventos pendientes
2026-02-24 22:57:41 - domain.repositories.evento_repo - INFO - Se encontraron 0 eventos pendientes
2026-02-24 22:57:41 - services.factura_service - INFO - Iniciando procesamiento de documentos pendientes
2026-02-24 22:57:41 - services.factura_service - INFO - Procesando 1 docs | Emisor 1 | Tipo 1
2026-02-24 22:57:41 - services.factura_service - INFO - Lote creado en BD con ID: 25
2026-02-24 22:57:41 - services.factura_service - DEBUG - Documento 115 preparado para lote 25
2026-02-24 22:57:41 - services.factura_service - INFO - Request25
2026-02-24 22:57:41 - services.factura_service - INFO - Protocolo SIFEN 55864373798251210 extraído para lote 25
2026-02-24 22:57:41 - services.factura_service - INFO - Respuesta del lote 25 procesada
2026-02-24 22:57:41 - services.factura_service - INFO - Lote 25 enviado exitosamente a SIFEN
2026-02-24 22:58:11 - services.evento_service - INFO - Iniciando procesamiento de eventos pendientes
2026-02-24 22:58:11 - domain.repositories.evento_repo - INFO - Se encontraron 0 eventos pendientes
2026-02-24 23:09:09 - services.factura_service - INFO - Iniciando procesamiento de documentos pendientes
2026-02-24 23:09:09 - services.evento_service - INFO - Iniciando procesamiento de eventos pendientes
2026-02-24 23:09:09 - domain.repositories.evento_repo - INFO - Se encontraron 0 eventos pendientes
2026-02-24 23:09:09 - services.factura_service - INFO - Procesando 1 docs | Emisor 1 | Tipo 1
2026-02-24 23:09:09 - services.factura_service - INFO - Lote creado en BD con ID: 26
2026-02-24 23:09:09 - services.factura_service - DEBUG - Documento 116 preparado para lote 26
2026-02-24 23:09:10 - services.factura_service - INFO - Request26
2026-02-24 23:09:10 - services.factura_service - INFO - Protocolo SIFEN 55864373798251228 extraído para lote 26
2026-02-24 23:09:10 - services.factura_service - INFO - Respuesta del lote 26 procesada
2026-02-24 23:09:10 - services.factura_service - INFO - Lote 26 enviado exitosamente a SIFEN
2026-02-24 23:09:39 - services.evento_service - INFO - Iniciando procesamiento de eventos pendientes
2026-02-24 23:09:39 - domain.repositories.evento_repo - INFO - Se encontraron 0 eventos pendientes
2026-02-24 23:10:09 - services.evento_service - INFO - Iniciando procesamiento de eventos pendientes
2026-02-24 23:10:09 - domain.repositories.evento_repo - INFO - Se encontraron 0 eventos pendientes
2026-02-24 23:10:10 - services.factura_service - INFO - Iniciando procesamiento de documentos pendientes
2026-02-24 23:12:29 - services.factura_service - INFO - Iniciando procesamiento de documentos pendientes
2026-02-24 23:12:29 - services.evento_service - INFO - Iniciando procesamiento de eventos pendientes
2026-02-24 23:12:29 - domain.repositories.evento_repo - INFO - Se encontraron 0 eventos pendientes
2026-02-24 23:12:29 - services.factura_service - INFO - Procesando 1 docs | Emisor 1 | Tipo 1
2026-02-24 23:12:29 - services.factura_service - INFO - Lote creado en BD con ID: 27
2026-02-24 23:12:29 - services.factura_service - DEBUG - Documento 117 preparado para lote 27
2026-02-24 23:12:29 - services.factura_service - INFO - Request27
2026-02-24 23:12:29 - services.factura_service - INFO - Protocolo SIFEN 55864373798251234 extraído para lote 27
2026-02-24 23:12:29 - services.factura_service - INFO - Respuesta del lote 27 procesada
2026-02-24 23:12:29 - services.factura_service - INFO - Lote 27 enviado exitosamente a SIFEN
2026-02-24 23:12:59 - services.evento_service - INFO - Iniciando procesamiento de eventos pendientes
2026-02-24 23:12:59 - domain.repositories.evento_repo - INFO - Se encontraron 0 eventos pendientes
