2026-02-25 09:23:03 - services.evento_service - INFO - Iniciando procesamiento de eventos pendientes
2026-02-25 09:23:03 - services.factura_service - INFO - Iniciando procesamiento de documentos pendientes
2026-02-25 09:23:03 - domain.repositories.evento_repo - INFO - Se encontraron 0 eventos pendientes
2026-02-25 09:23:04 - services.factura_service - INFO - Procesando 1 docs | Emisor 1 | Tipo 1
2026-02-25 09:23:04 - services.factura_service - INFO - Lote creado en BD con ID: 28
2026-02-25 09:23:04 - services.factura_service - DEBUG - Documento 118 preparado para lote 28
2026-02-25 09:23:04 - services.factura_service - INFO - Request28
2026-02-25 09:23:06 - services.factura_service - INFO - Protocolo SIFEN 5586437372068805872 extraído para lote 28
2026-02-25 09:23:06 - services.factura_service - INFO - Respuesta del lote 28 procesada
2026-02-25 09:23:06 - services.factura_service - INFO - Lote 28 enviado exitosamente a SIFEN
2026-02-25 09:23:33 - services.evento_service - INFO - Iniciando procesamiento de eventos pendientes
2026-02-25 09:23:33 - domain.repositories.evento_repo - INFO - Se encontraron 0 eventos pendientes
2026-02-25 09:27:04 - services.factura_service - INFO - Iniciando procesamiento de documentos pendientes
2026-02-25 09:27:04 - services.evento_service - INFO - Iniciando procesamiento de eventos pendientes
2026-02-25 09:27:04 - domain.repositories.evento_repo - INFO - Se encontraron 0 eventos pendientes
2026-02-25 09:27:05 - services.factura_service - WARNING - Documento 119 sin emisor. Se omite.
2026-02-25 09:29:06 - services.evento_service - INFO - Iniciando procesamiento de eventos pendientes
2026-02-25 09:29:06 - services.factura_service - INFO - Iniciando procesamiento de documentos pendientes
2026-02-25 09:29:06 - services.factura_service - INFO - Procesando 1 docs | Emisor 1 | Tipo 1
2026-02-25 09:29:06 - domain.repositories.evento_repo - INFO - Se encontraron 0 eventos pendientes
2026-02-25 09:29:06 - services.factura_service - INFO - Lote creado en BD con ID: 29
2026-02-25 09:29:07 - services.factura_service - DEBUG - Documento 119 preparado para lote 29
2026-02-25 09:29:07 - services.factura_service - INFO - Request29
2026-02-25 09:29:09 - services.factura_service - INFO - Protocolo SIFEN 5586437372068819833 extraído para lote 29
2026-02-25 09:29:09 - services.factura_service - INFO - Respuesta del lote 29 procesada
2026-02-25 09:29:09 - services.factura_service - INFO - Lote 29 enviado exitosamente a SIFEN
2026-02-25 09:29:36 - services.evento_service - INFO - Iniciando procesamiento de eventos pendientes
2026-02-25 09:29:36 - domain.repositories.evento_repo - INFO - Se encontraron 0 eventos pendientes
2026-02-25 09:31:54 - services.factura_service - INFO - Iniciando procesamiento de documentos pendientes
2026-02-25 09:31:54 - services.evento_service - INFO - Iniciando procesamiento de eventos pendientes
2026-02-25 09:31:54 - domain.repositories.evento_repo - INFO - Se encontraron 0 eventos pendientes
2026-02-25 09:32:24 - services.evento_service - INFO - Iniciando procesamiento de eventos pendientes
2026-02-25 09:32:24 - domain.repositories.evento_repo - INFO - Se encontraron 1 eventos pendientes
2026-02-25 09:32:24 - services.evento_service - INFO - Procesando evento 6
2026-02-25 09:32:24 - domain.repositories.evento_repo - INFO - Fecha Firma del evento 6 actualizado a: 2026-02-25 09:30:24.882809
2026-02-25 09:32:26 - domain.repositories.evento_repo - INFO - Evento 6 actualizado exitosamente
2026-02-25 09:32:26 - domain.repositories.evento_repo - INFO - Estado del evento 6 actualizado a: ERROR
2026-02-25 09:32:26 - services.evento_service - ERROR - Evento 6 rechazado: TEST - CDC no existente en el SIFEN
2026-02-25 09:32:54 - services.factura_service - INFO - Iniciando procesamiento de documentos pendientes
2026-02-25 09:32:56 - services.evento_service - INFO - Iniciando procesamiento de eventos pendientes
2026-02-25 09:32:56 - domain.repositories.evento_repo - INFO - Se encontraron 0 eventos pendientes
2026-02-25 09:33:26 - services.evento_service - INFO - Iniciando procesamiento de eventos pendientes
2026-02-25 09:33:26 - domain.repositories.evento_repo - INFO - Se encontraron 0 eventos pendientes
2026-02-25 09:34:40 - services.evento_service - INFO - Iniciando procesamiento de eventos pendientes
2026-02-25 09:34:40 - services.factura_service - INFO - Iniciando procesamiento de documentos pendientes
2026-02-25 09:34:40 - domain.repositories.evento_repo - INFO - Se encontraron 0 eventos pendientes
2026-02-25 09:35:10 - services.evento_service - INFO - Iniciando procesamiento de eventos pendientes
2026-02-25 09:35:10 - domain.repositories.evento_repo - INFO - Se encontraron 1 eventos pendientes
2026-02-25 09:35:10 - services.evento_service - INFO - Procesando evento 7
2026-02-25 09:35:11 - domain.repositories.evento_repo - INFO - Fecha Firma del evento 7 actualizado a: 2026-02-25 09:33:11.027711
2026-02-25 09:35:13 - domain.repositories.evento_repo - INFO - Evento 7 actualizado exitosamente
2026-02-25 09:35:13 - domain.repositories.evento_repo - INFO - Estado del evento 7 actualizado a: PROCESADO
2026-02-25 09:35:13 - services.evento_service - INFO - Evento 7 procesado OK
2026-02-25 09:35:41 - services.factura_service - INFO - Iniciando procesamiento de documentos pendientes
2026-02-25 09:35:43 - services.evento_service - INFO - Iniciando procesamiento de eventos pendientes
2026-02-25 09:35:43 - domain.repositories.evento_repo - INFO - Se encontraron 0 eventos pendientes
2026-02-25 09:36:13 - services.evento_service - INFO - Iniciando procesamiento de eventos pendientes
2026-02-25 09:36:13 - domain.repositories.evento_repo - INFO - Se encontraron 0 eventos pendientes
2026-02-25 09:36:41 - services.factura_service - INFO - Iniciando procesamiento de documentos pendientes
2026-02-25 09:36:41 - services.factura_service - INFO - Procesando 1 docs | Emisor 1 | Tipo 1
2026-02-25 09:36:41 - services.factura_service - INFO - Lote creado en BD con ID: 30
2026-02-25 09:36:41 - services.factura_service - DEBUG - Documento 120 preparado para lote 30
2026-02-25 09:36:41 - services.factura_service - INFO - Request30
2026-02-25 09:36:43 - services.factura_service - INFO - Protocolo SIFEN 5586437372068840526 extraído para lote 30
2026-02-25 09:36:43 - services.factura_service - INFO - Respuesta del lote 30 procesada
2026-02-25 09:36:43 - services.factura_service - INFO - Lote 30 enviado exitosamente a SIFEN
2026-02-25 09:36:43 - services.evento_service - INFO - Iniciando procesamiento de eventos pendientes
2026-02-25 09:36:43 - domain.repositories.evento_repo - INFO - Se encontraron 0 eventos pendientes
2026-02-25 09:37:13 - services.evento_service - INFO - Iniciando procesamiento de eventos pendientes
2026-02-25 09:37:13 - domain.repositories.evento_repo - INFO - Se encontraron 0 eventos pendientes
2026-02-25 09:37:43 - services.factura_service - INFO - Iniciando procesamiento de documentos pendientes
2026-02-25 09:37:43 - services.evento_service - INFO - Iniciando procesamiento de eventos pendientes
2026-02-25 09:37:43 - domain.repositories.evento_repo - INFO - Se encontraron 0 eventos pendientes
